0 info it worked if it ends with ok
1 verbose cli [ '/usr/local/bin/node', '/usr/local/bin/npm', 'run', 'debug' ]
2 info using npm@3.10.10
3 info using node@v6.11.4
4 verbose run-script [ 'predebug', 'debug', 'postdebug' ]
5 info lifecycle yggdrasil-server@1.0.0~predebug: yggdrasil-server@1.0.0
6 silly lifecycle yggdrasil-server@1.0.0~predebug: no script for predebug, continuing
7 info lifecycle yggdrasil-server@1.0.0~debug: yggdrasil-server@1.0.0
8 verbose lifecycle yggdrasil-server@1.0.0~debug: unsafe-perm in lifecycle true
9 verbose lifecycle yggdrasil-server@1.0.0~debug: PATH: /usr/local/lib/node_modules/npm/bin/node-gyp-bin:/Users/ci010/Workspace/yggdrasil-server/node_modules/.bin:/usr/local/bin:/usr/bin:/bin:/usr/sbin:/sbin:/Library/TeX/texbin:/usr/local/share/dotnet
10 verbose lifecycle yggdrasil-server@1.0.0~debug: CWD: /Users/ci010/Workspace/yggdrasil-server
11 silly lifecycle yggdrasil-server@1.0.0~debug: Args: [ '-c', 'tsc && node index.js' ]
12 silly lifecycle yggdrasil-server@1.0.0~debug: Returned: code: 1  signal: null
13 info lifecycle yggdrasil-server@1.0.0~debug: Failed to exec debug script
14 verbose stack Error: yggdrasil-server@1.0.0 debug: `tsc && node index.js`
14 verbose stack Exit status 1
14 verbose stack     at EventEmitter.<anonymous> (/usr/local/lib/node_modules/npm/lib/utils/lifecycle.js:255:16)
14 verbose stack     at emitTwo (events.js:106:13)
14 verbose stack     at EventEmitter.emit (events.js:191:7)
14 verbose stack     at ChildProcess.<anonymous> (/usr/local/lib/node_modules/npm/lib/utils/spawn.js:40:14)
14 verbose stack     at emitTwo (events.js:106:13)
14 verbose stack     at ChildProcess.emit (events.js:191:7)
14 verbose stack     at maybeClose (internal/child_process.js:920:16)
14 verbose stack     at Process.ChildProcess._handle.onexit (internal/child_process.js:230:5)
15 verbose pkgid yggdrasil-server@1.0.0
16 verbose cwd /Users/ci010/Workspace/yggdrasil-server
17 error Darwin 17.4.0
18 error argv "/usr/local/bin/node" "/usr/local/bin/npm" "run" "debug"
19 error node v6.11.4
20 error npm  v3.10.10
21 error code ELIFECYCLE
22 error yggdrasil-server@1.0.0 debug: `tsc && node index.js`
22 error Exit status 1
23 error Failed at the yggdrasil-server@1.0.0 debug script 'tsc && node index.js'.
23 error Make sure you have the latest version of node.js and npm installed.
23 error If you do, this is most likely a problem with the yggdrasil-server package,
23 error not with npm itself.
23 error Tell the author that this fails on your system:
23 error     tsc && node index.js
23 error You can get information on how to open an issue for this project with:
23 error     npm bugs yggdrasil-server
23 error Or if that isn't available, you can get their info via:
23 error     npm owner ls yggdrasil-server
23 error There is likely additional logging output above.
24 verbose exit [ 1, true ]
